<?xml version="1.0" encoding="UTF-8"?>
<testsuite xmlns:xsi="http://www.w3.org/2001/XMLSchema-instance" xsi:noNamespaceSchemaLocation="https://maven.apache.org/surefire/maven-surefire-plugin/xsd/surefire-test-report.xsd" name="com.tgroup.PdsuElectricityApplicationTests" time="4.362" tests="33" errors="0" skipped="0" failures="0">
  <properties>
[...]
</properties>
  <testcase name="findOneByIdCity" classname="com.tgroup.PdsuElectricityApplicationTests" time="0.612"/>
  <testcase name="findOneByIdFile" classname="com.tgroup.PdsuElectricityApplicationTests" time="0.007"/>
  <testcase name="findOneByIdTime" classname="com.tgroup.PdsuElectricityApplicationTests" time="0.006"/>
  <testcase name="findOneByUserNameAndPassword" classname="com.tgroup.PdsuElectricityApplicationTests" time="0.01"/>
  <testcase name="findOneByIdQuota" classname="com.tgroup.PdsuElectricityApplicationTests" time="0.006"/>
  <testcase name="deleteRecordCity" classname="com.tgroup.PdsuElectricityApplicationTests" time="0.009"/>
  <testcase name="deleteRecordFile" classname="com.tgroup.PdsuElectricityApplicationTests" time="0.006"/>
  <testcase name="deleteRecordTime" classname="com.tgroup.PdsuElectricityApplicationTests" time="0.005"/>
  <testcase name="deleteRecordUser" classname="com.tgroup.PdsuElectricityApplicationTests" time="0.004"/>
  <testcase name="addRecordModule" classname="com.tgroup.PdsuElectricityApplicationTests" time="0.036"/>
  <testcase name="updateRecordCity" classname="com.tgroup.PdsuElectricityApplicationTests" time="0.008"/>
  <testcase name="updateRecordFIle" classname="com.tgroup.PdsuElectricityApplicationTests" time="0.006"/>
  <testcase name="updateRecordTime" classname="com.tgroup.PdsuElectricityApplicationTests" time="0.005"/>
  <testcase name="updateRecordUser" classname="com.tgroup.PdsuElectricityApplicationTests" time="0.005"/>
  <testcase name="findOneById" classname="com.tgroup.PdsuElectricityApplicationTests" time="0.006"/>
  <testcase name="findAllQuotas" classname="com.tgroup.PdsuElectricityApplicationTests" time="0.04"/>
  <testcase name="findAllCity" classname="com.tgroup.PdsuElectricityApplicationTests" time="0.008"/>
  <testcase name="findAllFile" classname="com.tgroup.PdsuElectricityApplicationTests" time="0.007"/>
  <testcase name="findAllTime" classname="com.tgroup.PdsuElectricityApplicationTests" time="0.006"/>
  <testcase name="findAllUser" classname="com.tgroup.PdsuElectricityApplicationTests" time="0.016"/>
  <testcase name="findOneByIdModule" classname="com.tgroup.PdsuElectricityApplicationTests" time="0.013"/>
  <testcase name="updateRecordQuota" classname="com.tgroup.PdsuElectricityApplicationTests" time="0.013"/>
  <testcase name="deleteRecordModule" classname="com.tgroup.PdsuElectricityApplicationTests" time="0.006"/>
  <testcase name="updateRecordModule" classname="com.tgroup.PdsuElectricityApplicationTests" time="0.005"/>
  <testcase name="addRecordCity" classname="com.tgroup.PdsuElectricityApplicationTests" time="0.008"/>
  <testcase name="addRecordTime" classname="com.tgroup.PdsuElectricityApplicationTests" time="0.009"/>
  <testcase name="addRecordUser" classname="com.tgroup.PdsuElectricityApplicationTests" time="0.016"/>
  <testcase name="testFileOr" classname="com.tgroup.PdsuElectricityApplicationTests" time="0.039"/>
  <testcase name="deleteRecordQuota" classname="com.tgroup.PdsuElectricityApplicationTests" time="0.005"/>
  <testcase name="addRecordQuota" classname="com.tgroup.PdsuElectricityApplicationTests" time="0.008"/>
  <testcase name="findAllMould" classname="com.tgroup.PdsuElectricityApplicationTests" time="0.008"/>
  <testcase name="findAllQuota" classname="com.tgroup.PdsuElectricityApplicationTests" time="0.021"/>
  <testcase name="testTimeService" classname="com.tgroup.PdsuElectricityApplicationTests" time="0.338"/>
</testsuite>